
  .   ____          _            __ _ _
 /\\ / ___'_ __ _ _(_)_ __  __ _ \ \ \ \
( ( )\___ | '_ | '_| | '_ \/ _` | \ \ \ \
 \\/  ___)| |_)| | | | | || (_| |  ) ) ) )
  '  |____| .__|_| |_|_| |_\__, | / / / /
 =========|_|==============|___/=/_/_/_/
 :: Spring Boot ::        (v2.3.0.RELEASE)

2020-07-12 07:55:29.858  INFO 24037 --- [           main] com.simple.portal.PortalApplication      : Starting PortalApplication v0.0.1-SNAPSHOT on guest with PID 24037 (/home/app-admin/toy_project_portal/target/portal-0.0.1-SNAPSHOT.jar started by app-admin in /home/app-admin/toy_project_portal)
2020-07-12 07:55:29.872 DEBUG 24037 --- [           main] com.simple.portal.PortalApplication      : Running with Spring Boot v2.3.0.RELEASE, Spring v5.2.6.RELEASE
2020-07-12 07:55:29.872  INFO 24037 --- [           main] com.simple.portal.PortalApplication      : The following profiles are active: dev
2020-07-12 07:55:43.430  WARN 24037 --- [           main] JpaBaseConfiguration$JpaWebConfiguration : spring.jpa.open-in-view is enabled by default. Therefore, database queries may be performed during view rendering. Explicitly configure spring.jpa.open-in-view to disable this warning
2020-07-12 07:55:50.430  INFO 24037 --- [           main] com.simple.portal.PortalApplication      : Started PortalApplication in 21.95 seconds (JVM running for 23.295)

  .   ____          _            __ _ _
 /\\ / ___'_ __ _ _(_)_ __  __ _ \ \ \ \
( ( )\___ | '_ | '_| | '_ \/ _` | \ \ \ \
 \\/  ___)| |_)| | | | | || (_| |  ) ) ) )
  '  |____| .__|_| |_|_| |_\__, | / / / /
 =========|_|==============|___/=/_/_/_/
 :: Spring Boot ::        (v2.3.0.RELEASE)

2020-07-12 08:00:49.340  INFO 24237 --- [           main] com.simple.portal.PortalApplication      : Starting PortalApplication v0.0.1-SNAPSHOT on guest with PID 24237 (/home/app-admin/toy_project_portal/target/portal-0.0.1-SNAPSHOT.jar started by app-admin in /home/app-admin/toy_project_portal)
2020-07-12 08:00:49.343 DEBUG 24237 --- [           main] com.simple.portal.PortalApplication      : Running with Spring Boot v2.3.0.RELEASE, Spring v5.2.6.RELEASE
2020-07-12 08:00:49.344  INFO 24237 --- [           main] com.simple.portal.PortalApplication      : The following profiles are active: dev
2020-07-12 08:01:01.928  WARN 24237 --- [           main] JpaBaseConfiguration$JpaWebConfiguration : spring.jpa.open-in-view is enabled by default. Therefore, database queries may be performed during view rendering. Explicitly configure spring.jpa.open-in-view to disable this warning
2020-07-12 08:01:08.925  INFO 24237 --- [           main] com.simple.portal.PortalApplication      : Started PortalApplication in 21.148 seconds (JVM running for 22.451)

  .   ____          _            __ _ _
 /\\ / ___'_ __ _ _(_)_ __  __ _ \ \ \ \
( ( )\___ | '_ | '_| | '_ \/ _` | \ \ \ \
 \\/  ___)| |_)| | | | | || (_| |  ) ) ) )
  '  |____| .__|_| |_|_| |_\__, | / / / /
 =========|_|==============|___/=/_/_/_/
 :: Spring Boot ::        (v2.3.0.RELEASE)

2020-07-15 11:09:52.600  INFO 20560 --- [           main] com.simple.portal.PortalApplication      : Starting PortalApplication v0.0.1-SNAPSHOT on guest with PID 20560 (/home/app-admin/toy_project_portal/target/portal-0.0.1-SNAPSHOT.jar started by app-admin in /home/app-admin/toy_project_portal)
2020-07-15 11:09:52.603 DEBUG 20560 --- [           main] com.simple.portal.PortalApplication      : Running with Spring Boot v2.3.0.RELEASE, Spring v5.2.6.RELEASE
2020-07-15 11:09:52.604  INFO 20560 --- [           main] com.simple.portal.PortalApplication      : The following profiles are active: dev
2020-07-15 11:10:07.255  WARN 20560 --- [           main] JpaBaseConfiguration$JpaWebConfiguration : spring.jpa.open-in-view is enabled by default. Therefore, database queries may be performed during view rendering. Explicitly configure spring.jpa.open-in-view to disable this warning
2020-07-15 11:10:14.421  INFO 20560 --- [           main] com.simple.portal.PortalApplication      : Started PortalApplication in 23.326 seconds (JVM running for 24.554)

  .   ____          _            __ _ _
 /\\ / ___'_ __ _ _(_)_ __  __ _ \ \ \ \
( ( )\___ | '_ | '_| | '_ \/ _` | \ \ \ \
 \\/  ___)| |_)| | | | | || (_| |  ) ) ) )
  '  |____| .__|_| |_|_| |_\__, | / / / /
 =========|_|==============|___/=/_/_/_/
 :: Spring Boot ::        (v2.3.0.RELEASE)

2020-07-15 11:42:21.087  INFO 21980 --- [           main] com.simple.portal.PortalApplication      : Starting PortalApplication v0.0.1-SNAPSHOT on guest with PID 21980 (/home/app-admin/toy_project_portal/target/portal-0.0.1-SNAPSHOT.jar started by app-admin in /home/app-admin/toy_project_portal)
2020-07-15 11:42:21.095 DEBUG 21980 --- [           main] com.simple.portal.PortalApplication      : Running with Spring Boot v2.3.0.RELEASE, Spring v5.2.6.RELEASE
2020-07-15 11:42:21.095  INFO 21980 --- [           main] com.simple.portal.PortalApplication      : The following profiles are active: dev
2020-07-15 11:42:35.471  WARN 21980 --- [           main] JpaBaseConfiguration$JpaWebConfiguration : spring.jpa.open-in-view is enabled by default. Therefore, database queries may be performed during view rendering. Explicitly configure spring.jpa.open-in-view to disable this warning
2020-07-15 11:42:43.225  INFO 21980 --- [           main] com.simple.portal.PortalApplication      : Started PortalApplication in 23.529 seconds (JVM running for 24.922)
